1596899999715	geckodriver	INFO	Listening on 127.0.0.1:55985
1596900002764	mozrunner::runner	INFO	Running command: "C:\\Program Files\\Mozilla Firefox\\firefox.exe" "--marionette" "-foreground" "-no-remote" "-profile" "C:\\Users\\DELL\\AppData\\Local\\Temp\\rust_mozprofileiIkmaj"
console.error: SearchCache: "_readCacheFile: Error reading cache file:" (new Error("", "(unknown module)"))
JavaScript error: resource://gre/modules/XULStore.jsm, line 66: Error: Can't find profile directory.
1596900008683	Marionette	INFO	Listening on port 55994
1596900009052	Marionette	WARN	TLS certificate errors will be ignored for this session
1596900015523	Marionette	INFO	Stopped listening on port 55994

###!!! [Child][RunMessage] Error: Channel closing: too late to send/recv, messages will be lost


###!!! [Child][MessageChannel::SendAndWait] Error: Channel error: cannot send/recv

1596900020152	geckodriver	INFO	Listening on 127.0.0.1:56028
1596900023193	mozrunner::runner	INFO	Running command: "C:\\Program Files\\Mozilla Firefox\\firefox.exe" "--marionette" "-foreground" "-no-remote" "-profile" "C:\\Users\\DELL\\AppData\\Local\\Temp\\rust_mozprofilea373jG"
JavaScript error: resource://gre/modules/XULStore.jsm, line 66: Error: Can't find profile directory.
console.error: SearchCache: "_readCacheFile: Error reading cache file:" (new Error("", "(unknown module)"))
1596900028420	Marionette	INFO	Listening on port 56036
1596900028454	Marionette	WARN	TLS certificate errors will be ignored for this session
1596900041199	Marionette	INFO	Stopped listening on port 56036

###!!! [Child][RunMessage] Error: Channel closing: too late to send/recv, messages will be lost


###!!! [Child][MessageChannel::SendAndWait] Error: Channel error: cannot send/recv

1597474209785	geckodriver	INFO	Listening on 127.0.0.1:65394
1597474212947	mozrunner::runner	INFO	Running command: "C:\\Program Files\\Mozilla Firefox\\firefox.exe" "--marionette" "-foreground" "-no-remote" "-profile" "C:\\Users\\DELL\\AppData\\Local\\Temp\\rust_mozprofile1vdsQN"
console.error: SearchCache: "_readCacheFile: Error reading cache file:" (new Error("", "(unknown module)"))
JavaScript error: resource://gre/modules/XULStore.jsm, line 66: Error: Can't find profile directory.
1597474237055	Marionette	INFO	Listening on port 65403
1597474237252	Marionette	WARN	TLS certificate errors will be ignored for this session
1597474256811	Marionette	WARN	TimedPromise timed out after 500 ms: stacktrace:
TimedPromise/<@chrome://marionette/content/sync.js:245:13
TimedPromise@chrome://marionette/content/sync.js:230:10
interaction.flushEventLoop@chrome://marionette/content/interaction.js:416:10
webdriverClickElement@chrome://marionette/content/interaction.js:182:31
send@https://admin-demo.nopcommerce.com/lib/jquery/jquery-3.4.1.min.js:2:81476
ajax@https://admin-demo.nopcommerce.com/lib/jquery/jquery-3.4.1.min.js:2:77295
s.ajax@https://admin-demo.nopcommerce.com/lib/jquery-migrate/jquery-migrate-3.1.0.min.js:2:3154
init@https://admin-demo.nopcommerce.com/js/admin.navigation.js:56:11
initOnce@https://admin-demo.nopcommerce.com/js/admin.navigation.js:90:17
init@https://admin-demo.nopcommerce.com/js/admin.search.js:72:30
@https://admin-demo.nopcommerce.com/Admin/Customer/List:148:46
e@https://admin-demo.nopcommerce.com/lib/jquery/jquery-3.4.1.min.js:2:29453
l/</t<@https://admin-demo.nopcommerce.com/lib/jquery/jquery-3.4.1.min.js:2:29755
console.warn: LoginRecipes: "getRecipes: falling back to a synchronous message for:" "https://admin-demo.nopcommerce.com"
1597474660553	Marionette	INFO	Stopped listening on port 65403

###!!! [Child][RunMessage] Error: Channel closing: too late to send/recv, messages will be lost


###!!! [Child][MessageChannel::SendAndWait] Error: Channel error: cannot send/recv

emp\\rust_mozprofilexyNkgu"
console.error: SearchCache: "_readCacheFile: Error reading cache file:" (new Error("", "(unknown module)"))
JavaScript error: resource://gre/modules/XULStore.jsm, line 66: Error: Can't find profile directory.
1597474660355	Marionette	INFO	Listening on port 65521
1597474660735	Marionette	WARN	TLS certificate errors will be ignored for this session
1597474680316	Marionette	WARN	TimedPromise timed out after 500 ms: stacktrace:
TimedPromise/<@chrome://marionette/content/sync.js:245:13
TimedPromise@chrome://marionette/content/sync.js:230:10
interaction.flushEventLoop@chrome://marionette/content/interaction.js:416:10
webdriverClickElement@chrome://marionette/content/interaction.js:182:31
send@https://admin-demo.nopcommerce.com/lib/jquery/jquery-3.4.1.min.js:2:81476
ajax@https://admin-demo.nopcommerce.com/lib/jquery/jquery-3.4.1.min.js:2:77295
s.ajax@https://admin-demo.nopcommerce.com/lib/jquery-migrate/jquery-migrate-3.1.0.min.js:2:3154
init@https://admin-demo.nopcommerce.com/js/admin.navigation.js:56:11
initOnce@https://admin-demo.nopcommerce.com/js/admin.navigation.js:90:17
init@https://admin-demo.nopcommerce.com/js/admin.search.js:72:30
@https://admin-demo.nopcommerce.com/Admin/Customer/List:148:46
e@https://admin-demo.nopcommerce.com/lib/jquery/jquery-3.4.1.min.js:2:29453
l/</t<@https://admin-demo.nopcommerce.com/lib/jquery/jquery-3.4.1.min.js:2:29755
1597474776288	Marionette	INFO	Stopped listening on port 65521

###!!! [Child][RunMessage] Error: Channel closing: too late to send/recv, messages will be lost


###!!! [Child][MessageChannel::SendAndWait] Error: Channel error: cannot send/recv

1597814230180	geckodriver	INFO	Listening on 127.0.0.1:54307
1597814233170	mozrunner::runner	INFO	Running command: "C:\\Program Files\\Mozilla Firefox\\firefox.exe" "--marionette" "-foreground" "-no-remote" "-profile" "C:\\Users\\DELL\\AppData\\Local\\Temp\\rust_mozprofileDVqAgA"
console.error: SearchCache: "_readCacheFile: Error reading cache file:" (new Error("", "(unknown module)"))
JavaScript error: resource://gre/modules/XULStore.jsm, line 66: Error: Can't find profile directory.
[Parent 15060, Gecko_IOThread] WARNING: file /builds/worker/checkouts/gecko/ipc/chromium/src/base/process_util_win.cc, line 166
1597814254791	Marionette	INFO	Listening on port 54338
1597814255221	Marionette	WARN	TLS certificate errors will be ignored for this session
1597814270860	Marionette	INFO	Stopped listening on port 54338

###!!! [Child][RunMessage] Error: Channel closing: too late to send/recv, messages will be lost


###!!! [Child][MessageChannel::SendAndWait] Error: Channel error: cannot send/recv

1597814279334	geckodriver	INFO	Listening on 127.0.0.1:54589
1597814282333	mozrunner::runner	INFO	Running command: "C:\\Program Files\\Mozilla Firefox\\firefox.exe" "--marionette" "-foreground" "-no-remote" "-profile" "C:\\Users\\DELL\\AppData\\Local\\Temp\\rust_mozprofiley8OVgv"
console.error: SearchCache: "_readCacheFile: Error reading cache file:" (new Error("", "(unknown module)"))
JavaScript error: resource://gre/modules/XULStore.jsm, line 66: Error: Can't find profile directory.
1597814291495	Marionette	INFO	Listening on port 54608
1597814291832	Marionette	WARN	TLS certificate errors will be ignored for this session
1597814324491	Marionette	INFO	Stopped listening on port 54608

###!!! [Child][RunMessage] Error: Channel closing: too late to send/recv, messages will be lost


###!!! [Child][MessageChannel::SendAndWait] Error: Channel error: cannot send/recv

1597815230476	geckodriver	INFO	Listening on 127.0.0.1:55662
1597815233500	mozrunner::runner	INFO	Running command: "C:\\Program Files\\Mozilla Firefox\\firefox.exe" "--marionette" "-foreground" "-no-remote" "-profile" "C:\\Users\\DELL\\AppData\\Local\\Temp\\rust_mozprofile9Ug5fT"
console.error: SearchCache: "_readCacheFile: Error reading cache file:" (new Error("", "(unknown module)"))
JavaScript error: resource://gre/modules/XULStore.jsm, line 66: Error: Can't find profile directory.
1597815246142	Marionette	INFO	Listening on port 55682
1597815246535	Marionette	WARN	TLS certificate errors will be ignored for this session
1597815255774	Marionette	INFO	Stopped listening on port 55682

###!!! [Child][RunMessage] Error: Channel closing: too late to send/recv, messages will be lost


###!!! [Child][MessageChannel::SendAndWait] Error: Channel error: cannot send/recv

1597815262449	geckodriver	INFO	Listening on 127.0.0.1:55820
1597815265431	mozrunner::runner	INFO	Running command: "C:\\Program Files\\Mozilla Firefox\\firefox.exe" "--marionette" "-foreground" "-no-remote" "-profile" "C:\\Users\\DELL\\AppData\\Local\\Temp\\rust_mozprofileeE85op"
console.error: SearchCache: "_readCacheFile: Error reading cache file:" (new Error("", "(unknown module)"))
JavaScript error: resource://gre/modules/XULStore.jsm, line 66: Error: Can't find profile directory.
1597815275475	Marionette	INFO	Listening on port 55841
1597815276073	Marionette	WARN	TLS certificate errors will be ignored for this session
1597815303881	Marionette	INFO	Stopped listening on port 55841

###!!! [Child][RunMessage] Error: Channel closing: too late to send/recv, messages will be lost


###!!! [Child][MessageChannel::SendAndWait] Error: Channel error: cannot send/recv

1597815309099	geckodriver	INFO	Listening on 127.0.0.1:56059
1597815312080	mozrunner::runner	INFO	Running command: "C:\\Program Files\\Mozilla Firefox\\firefox.exe" "--marionette" "-foreground" "-no-remote" "-profile" "C:\\Users\\DELL\\AppData\\Local\\Temp\\rust_mozprofileYW9NQU"
console.error: SearchCache: "_readCacheFile: Error reading cache file:" (new Error("", "(unknown module)"))
JavaScript error: resource://gre/modules/XULStore.jsm, line 66: Error: Can't find profile directory.
1597815320577	Marionette	INFO	Listening on port 56078
1597815320712	Marionette	WARN	TLS certificate errors will be ignored for this session
1597815337316	Marionette	WARN	TimedPromise timed out after 500 ms: stacktrace:
TimedPromise/<@chrome://marionette/content/sync.js:245:13
TimedPromise@chrome://marionette/content/sync.js:230:10
interaction.flushEventLoop@chrome://marionette/content/interaction.js:416:10
webdriverClickElement@chrome://marionette/content/interaction.js:182:31
send@https://admin-demo.nopcommerce.com/lib/jquery/jquery-3.4.1.min.js:2:81476
ajax@https://admin-demo.nopcommerce.com/lib/jquery/jquery-3.4.1.min.js:2:77295
s.ajax@https://admin-demo.nopcommerce.com/lib/jquery-migrate/jquery-migrate-3.1.0.min.js:2:3154
init@https://admin-demo.nopcommerce.com/js/admin.navigation.js:56:11
initOnce@https://admin-demo.nopcommerce.com/js/admin.navigation.js:90:17
init@https://admin-demo.nopcommerce.com/js/admin.search.js:72:30
@https://admin-demo.nopcommerce.com/Admin/Customer/List:148:46
e@https://admin-demo.nopcommerce.com/lib/jquery/jquery-3.4.1.min.js:2:29453
l/</t<@https://admin-demo.nopcommerce.com/lib/jquery/jquery-3.4.1.min.js:2:29755
1597815342719	Marionette	INFO	Stopped listening on port 56078

###!!! [Child][RunMessage] Error: Channel closing: too late to send/recv, messages will be lost


###!!! [Child][MessageChannel::SendAndWait] Error: Channel error: cannot send/recv

1597815350731	geckodriver	INFO	Listening on 127.0.0.1:56127
1597815353770	mozrunner::runner	INFO	Running command: "C:\\Program Files\\Mozilla Firefox\\firefox.exe" "--marionette" "-foreground" "-no-remote" "-profile" "C:\\Users\\DELL\\AppData\\Local\\Temp\\rust_mozprofileJsCQaT"
console.error: SearchCache: "_readCacheFile: Error reading cache file:" (new Error("", "(unknown module)"))
JavaScript error: resource://gre/modules/XULStore.jsm, line 66: Error: Can't find profile directory.
1597815361852	Marionette	INFO	Listening on port 56137
1597815364804	Marionette	WARN	TLS certificate errors will be ignored for this session
1597815380580	Marionette	WARN	TimedPromise timed out after 500 ms: stacktrace:
TimedPromise/<@chrome://marionette/content/sync.js:245:13
TimedPromise@chrome://marionette/content/sync.js:230:10
interaction.flushEventLoop@chrome://marionette/content/interaction.js:416:10
webdriverClickElement@chrome://marionette/content/interaction.js:182:31
send@https://admin-demo.nopcommerce.com/lib/jquery/jquery-3.4.1.min.js:2:81476
ajax@https://admin-demo.nopcommerce.com/lib/jquery/jquery-3.4.1.min.js:2:77295
s.ajax@https://admin-demo.nopcommerce.com/lib/jquery-migrate/jquery-migrate-3.1.0.min.js:2:3154
init@https://admin-demo.nopcommerce.com/js/admin.navigation.js:56:11
initOnce@https://admin-demo.nopcommerce.com/js/admin.navigation.js:90:17
init@https://admin-demo.nopcommerce.com/js/admin.search.js:72:30
@https://admin-demo.nopcommerce.com/Admin/Customer/List:148:46
e@https://admin-demo.nopcommerce.com/lib/jquery/jquery-3.4.1.min.js:2:29453
l/</t<@https://admin-demo.nopcommerce.com/lib/jquery/jquery-3.4.1.min.js:2:29755
1597815385991	Marionette	INFO	Stopped listening on port 56137

###!!! [Child][RunMessage] Error: Channel closing: too late to send/recv, messages will be lost


###!!! [Child][MessageChannel::SendAndWait] Error: Channel error: cannot send/recv

